DP[Window]: 1600
2021-05-05 01:49:19,115 INFO  [node_artemis] Successfully decoded the config file
2021-05-05 01:49:20,654 INFO  [node_artemis] Successfully decoded the config file
2021-05-05 01:49:21,950 INFO  [node_artemis] Successfully decoded the config file
2021-05-05 01:49:27,122 INFO  [net::futures_manager::protocol] New incoming connection from 10.100.100.13:46740
2021-05-05 01:49:27,117 INFO  [net::futures_manager::protocol] New incoming connection from 10.100.100.13:37218
2021-05-05 01:49:28,662 INFO  [net::futures_manager::protocol] New incoming connection from 10.100.100.224:41298
2021-05-05 01:49:28,663 INFO  [net::futures_manager::protocol] New incoming connection from 10.100.100.224:50744
2021-05-05 01:49:29,953 INFO  [net::futures_manager::protocol] New incoming connection from 10.100.100.207:51992
2021-05-05 01:49:29,953 INFO  [net::futures_manager::protocol] Connected to all nodes in the protocol
2021-05-05 01:49:29,953 INFO  [node_artemis] Using special artemis client: false
2021-05-05 01:49:29,954 INFO  [artemis::node::context] Using last f leaders: {0: ()}
2021-05-05 01:49:29,954 INFO  [artemis::node::context] Using eligible leaders: [1, 2]
2021-05-05 01:49:29,953 INFO  [net::futures_manager::protocol] Connected to all nodes in the protocol
2021-05-05 01:49:29,953 INFO  [node_artemis] Using special artemis client: false
2021-05-05 01:49:29,954 INFO  [artemis::node::context] Using last f leaders: {0: ()}
2021-05-05 01:49:29,954 INFO  [artemis::node::context] Using eligible leaders: [1, 2]
2021-05-05 01:49:29,948 INFO  [net::futures_manager::protocol] New incoming connection from 10.100.100.207:47736
2021-05-05 01:49:29,949 INFO  [net::futures_manager::protocol] Connected to all nodes in the protocol
2021-05-05 01:49:29,949 INFO  [node_artemis] Using special artemis client: false
2021-05-05 01:49:29,949 INFO  [artemis::node::context] Using last f leaders: {0: ()}
2021-05-05 01:49:29,949 INFO  [artemis::node::context] Using eligible leaders: [1, 2]
Using M: 1000000
2021-05-05 01:49:42,631 INFO  [client_artemis] Successfully decoded the config file
2021-05-05 01:49:53,797 INFO  [consensus] DP[Start]: SystemTime { tv_sec: 1620179382, tv_nsec: 639706364 }
2021-05-05 01:49:53,797 INFO  [consensus] DP[End]: SystemTime { tv_sec: 1620179393, tv_nsec: 797405374 }
2021-05-05 01:49:53,834 WARN  [net::futures_manager::peer] Disconnected from peer
2021-05-05 01:49:53,834 WARN  [net::futures_manager::peer] Disconnected from peer
2021-05-05 01:49:53,826 INFO  [consensus] DP[Throughput]: 89695.91302857702
2021-05-05 01:49:53,826 INFO  [consensus] DP[Latency]: 15.802857713828937
2021-05-05 01:49:53,826 INFO  [artemis::client::start] Closing tx producer channel: channel closed
2021-05-05 01:49:53,829 WARN  [net::futures_manager::peer] Disconnected from peer
DP[Window]: 2000
2021-05-05 01:50:00,334 INFO  [node_artemis] Successfully decoded the config file
2021-05-05 01:50:00,939 INFO  [node_artemis] Successfully decoded the config file
2021-05-05 01:50:01,846 INFO  [node_artemis] Successfully decoded the config file
2021-05-05 01:50:08,335 INFO  [net::futures_manager::protocol] New incoming connection from 10.100.100.13:37220
2021-05-05 01:50:08,340 INFO  [net::futures_manager::protocol] New incoming connection from 10.100.100.13:46742
2021-05-05 01:50:08,946 INFO  [net::futures_manager::protocol] New incoming connection from 10.100.100.224:41300
2021-05-05 01:50:08,947 INFO  [net::futures_manager::protocol] New incoming connection from 10.100.100.224:50746
2021-05-05 01:50:09,850 INFO  [net::futures_manager::protocol] New incoming connection from 10.100.100.207:51994
2021-05-05 01:50:09,845 INFO  [net::futures_manager::protocol] New incoming connection from 10.100.100.207:47738
2021-05-05 01:50:09,845 INFO  [net::futures_manager::protocol] Connected to all nodes in the protocol
2021-05-05 01:50:09,850 INFO  [net::futures_manager::protocol] Connected to all nodes in the protocol
2021-05-05 01:50:09,850 INFO  [node_artemis] Using special artemis client: false
2021-05-05 01:50:09,850 INFO  [artemis::node::context] Using last f leaders: {0: ()}
2021-05-05 01:50:09,850 INFO  [artemis::node::context] Using eligible leaders: [1, 2]
2021-05-05 01:50:09,845 INFO  [node_artemis] Using special artemis client: false
2021-05-05 01:50:09,846 INFO  [artemis::node::context] Using last f leaders: {0: ()}
2021-05-05 01:50:09,846 INFO  [artemis::node::context] Using eligible leaders: [1, 2]
2021-05-05 01:50:09,850 INFO  [net::futures_manager::protocol] Connected to all nodes in the protocol
2021-05-05 01:50:09,850 INFO  [node_artemis] Using special artemis client: false
2021-05-05 01:50:09,850 INFO  [artemis::node::context] Using last f leaders: {0: ()}
2021-05-05 01:50:09,850 INFO  [artemis::node::context] Using eligible leaders: [1, 2]
Using M: 1000000
2021-05-05 01:50:21,867 INFO  [client_artemis] Successfully decoded the config file
2021-05-05 01:50:31,296 INFO  [consensus] DP[Start]: SystemTime { tv_sec: 1620179421, tv_nsec: 875693126 }
2021-05-05 01:50:31,296 INFO  [consensus] DP[End]: SystemTime { tv_sec: 1620179431, tv_nsec: 296598460 }
2021-05-05 01:50:31,333 WARN  [net::futures_manager::peer] Disconnected from peer
2021-05-05 01:50:31,326 INFO  [consensus] DP[Throughput]: 106231.82852587615
2021-05-05 01:50:31,326 INFO  [consensus] DP[Latency]: 16.829950039968026
2021-05-05 01:50:31,326 INFO  [artemis::client::start] Closing tx producer channel: channel closed
2021-05-05 01:50:31,329 WARN  [net::futures_manager::peer] Disconnected from peer
2021-05-05 01:50:31,333 WARN  [net::futures_manager::peer] Disconnected from peer
DP[Window]: 4000
2021-05-05 01:50:37,798 INFO  [node_artemis] Successfully decoded the config file
2021-05-05 01:50:38,361 INFO  [node_artemis] Successfully decoded the config file
2021-05-05 01:50:39,147 INFO  [node_artemis] Successfully decoded the config file
2021-05-05 01:50:45,799 INFO  [net::futures_manager::protocol] New incoming connection from 10.100.100.13:37222
2021-05-05 01:50:45,804 INFO  [net::futures_manager::protocol] New incoming connection from 10.100.100.13:46744
2021-05-05 01:50:46,368 INFO  [net::futures_manager::protocol] New incoming connection from 10.100.100.224:41302
2021-05-05 01:50:46,369 INFO  [net::futures_manager::protocol] New incoming connection from 10.100.100.224:50748
2021-05-05 01:50:47,145 INFO  [net::futures_manager::protocol] New incoming connection from 10.100.100.207:47740
2021-05-05 01:50:47,145 INFO  [net::futures_manager::protocol] Connected to all nodes in the protocol
2021-05-05 01:50:47,145 INFO  [node_artemis] Using special artemis client: false
2021-05-05 01:50:47,145 INFO  [artemis::node::context] Using last f leaders: {0: ()}
2021-05-05 01:50:47,145 INFO  [artemis::node::context] Using eligible leaders: [1, 2]
2021-05-05 01:50:47,150 INFO  [net::futures_manager::protocol] New incoming connection from 10.100.100.207:51996
2021-05-05 01:50:47,150 INFO  [net::futures_manager::protocol] Connected to all nodes in the protocol
2021-05-05 01:50:47,150 INFO  [node_artemis] Using special artemis client: false
2021-05-05 01:50:47,151 INFO  [artemis::node::context] Using last f leaders: {0: ()}
2021-05-05 01:50:47,151 INFO  [artemis::node::context] Using eligible leaders: [1, 2]
2021-05-05 01:50:47,150 INFO  [net::futures_manager::protocol] Connected to all nodes in the protocol
2021-05-05 01:50:47,150 INFO  [node_artemis] Using special artemis client: false
2021-05-05 01:50:47,150 INFO  [artemis::node::context] Using last f leaders: {0: ()}
2021-05-05 01:50:47,150 INFO  [artemis::node::context] Using eligible leaders: [1, 2]
Using M: 1000000
2021-05-05 01:51:00,079 INFO  [client_artemis] Successfully decoded the config file
2021-05-05 01:51:11,376 INFO  [consensus] DP[Start]: SystemTime { tv_sec: 1620179460, tv_nsec: 87576855 }
2021-05-05 01:51:11,376 INFO  [consensus] DP[End]: SystemTime { tv_sec: 1620179471, tv_nsec: 376789852 }
2021-05-05 01:51:11,415 INFO  [consensus] DP[Throughput]: 88650.99810464671
2021-05-05 01:51:11,415 INFO  [consensus] DP[Latency]: 40.6029376498801
2021-05-05 01:51:11,415 INFO  [artemis::client::start] Closing tx producer channel: channel closed
2021-05-05 01:51:11,422 WARN  [net::futures_manager::peer] Disconnected from peer
2021-05-05 01:51:11,430 WARN  [net::futures_manager::peer] Disconnected from peer
2021-05-05 01:51:11,435 WARN  [net::futures_manager::peer] Disconnected from peer
DP[Window]: 7000
2021-05-05 01:51:17,413 INFO  [node_artemis] Successfully decoded the config file
2021-05-05 01:51:18,638 INFO  [node_artemis] Successfully decoded the config file
2021-05-05 01:51:19,983 INFO  [node_artemis] Successfully decoded the config file
2021-05-05 01:51:25,418 INFO  [net::futures_manager::protocol] New incoming connection from 10.100.100.13:46746
2021-05-05 01:51:25,413 INFO  [net::futures_manager::protocol] New incoming connection from 10.100.100.13:37224
2021-05-05 01:51:26,646 INFO  [net::futures_manager::protocol] New incoming connection from 10.100.100.224:41304
2021-05-05 01:51:26,646 INFO  [net::futures_manager::protocol] New incoming connection from 10.100.100.224:50750
2021-05-05 01:51:27,987 INFO  [net::futures_manager::protocol] New incoming connection from 10.100.100.207:51998
2021-05-05 01:51:27,987 INFO  [net::futures_manager::protocol] Connected to all nodes in the protocol
2021-05-05 01:51:27,987 INFO  [node_artemis] Using special artemis client: false
2021-05-05 01:51:27,981 INFO  [net::futures_manager::protocol] New incoming connection from 10.100.100.207:47742
2021-05-05 01:51:27,982 INFO  [net::futures_manager::protocol] Connected to all nodes in the protocol
2021-05-05 01:51:27,982 INFO  [node_artemis] Using special artemis client: false
2021-05-05 01:51:27,987 INFO  [artemis::node::context] Using last f leaders: {0: ()}
2021-05-05 01:51:27,987 INFO  [artemis::node::context] Using eligible leaders: [1, 2]
2021-05-05 01:51:27,982 INFO  [artemis::node::context] Using last f leaders: {0: ()}
2021-05-05 01:51:27,982 INFO  [artemis::node::context] Using eligible leaders: [1, 2]
2021-05-05 01:51:27,986 INFO  [net::futures_manager::protocol] Connected to all nodes in the protocol
2021-05-05 01:51:27,986 INFO  [node_artemis] Using special artemis client: false
2021-05-05 01:51:27,987 INFO  [artemis::node::context] Using last f leaders: {0: ()}
2021-05-05 01:51:27,987 INFO  [artemis::node::context] Using eligible leaders: [1, 2]
Using M: 1000000
2021-05-05 01:51:38,609 INFO  [client_artemis] Successfully decoded the config file
2021-05-05 01:51:50,931 INFO  [consensus] DP[Start]: SystemTime { tv_sec: 1620179498, tv_nsec: 617384258 }
2021-05-05 01:51:50,931 INFO  [consensus] DP[End]: SystemTime { tv_sec: 1620179510, tv_nsec: 931025697 }
2021-05-05 01:51:50,971 INFO  [consensus] DP[Throughput]: 81275.71400855048
2021-05-05 01:51:50,971 INFO  [consensus] DP[Latency]: 78.77420863309352
2021-05-05 01:51:50,971 INFO  [artemis::client::start] Closing tx producer channel: channel closed
2021-05-05 01:51:50,980 WARN  [net::futures_manager::peer] Disconnected from peer
2021-05-05 01:51:50,975 WARN  [net::futures_manager::peer] Disconnected from peer
2021-05-05 01:51:50,979 WARN  [net::futures_manager::peer] Disconnected from peer
DP[Window]: 10000
2021-05-05 01:51:58,400 INFO  [node_artemis] Successfully decoded the config file
2021-05-05 01:51:58,799 INFO  [node_artemis] Successfully decoded the config file
2021-05-05 01:51:59,618 INFO  [node_artemis] Successfully decoded the config file
2021-05-05 01:52:06,401 INFO  [net::futures_manager::protocol] New incoming connection from 10.100.100.13:37226
2021-05-05 01:52:06,406 INFO  [net::futures_manager::protocol] New incoming connection from 10.100.100.13:46748
2021-05-05 01:52:06,809 INFO  [net::futures_manager::protocol] New incoming connection from 10.100.100.224:41306
2021-05-05 01:52:06,807 INFO  [net::futures_manager::protocol] New incoming connection from 10.100.100.224:50752
2021-05-05 01:52:07,621 INFO  [net::futures_manager::protocol] New incoming connection from 10.100.100.207:52000
2021-05-05 01:52:07,621 INFO  [net::futures_manager::protocol] Connected to all nodes in the protocol
2021-05-05 01:52:07,621 INFO  [node_artemis] Using special artemis client: false
2021-05-05 01:52:07,622 INFO  [artemis::node::context] Using last f leaders: {0: ()}
2021-05-05 01:52:07,622 INFO  [artemis::node::context] Using eligible leaders: [1, 2]
2021-05-05 01:52:07,616 INFO  [net::futures_manager::protocol] New incoming connection from 10.100.100.207:47744
2021-05-05 01:52:07,616 INFO  [net::futures_manager::protocol] Connected to all nodes in the protocol
2021-05-05 01:52:07,616 INFO  [node_artemis] Using special artemis client: false
2021-05-05 01:52:07,616 INFO  [artemis::node::context] Using last f leaders: {0: ()}
2021-05-05 01:52:07,616 INFO  [artemis::node::context] Using eligible leaders: [1, 2]
2021-05-05 01:52:07,620 INFO  [net::futures_manager::protocol] Connected to all nodes in the protocol
2021-05-05 01:52:07,621 INFO  [node_artemis] Using special artemis client: false
2021-05-05 01:52:07,621 INFO  [artemis::node::context] Using last f leaders: {0: ()}
2021-05-05 01:52:07,621 INFO  [artemis::node::context] Using eligible leaders: [1, 2]
Using M: 1000000
2021-05-05 01:52:19,964 INFO  [client_artemis] Successfully decoded the config file
2021-05-05 01:52:30,580 INFO  [consensus] DP[Start]: SystemTime { tv_sec: 1620179539, tv_nsec: 973935130 }
2021-05-05 01:52:30,580 INFO  [consensus] DP[End]: SystemTime { tv_sec: 1620179550, tv_nsec: 580291670 }
2021-05-05 01:52:30,625 INFO  [consensus] DP[Throughput]: 94358.5100336444
2021-05-05 01:52:30,625 INFO  [consensus] DP[Latency]: 95.90957633892886
2021-05-05 01:52:30,626 INFO  [artemis::client::start] Closing tx producer channel: channel closed
2021-05-05 01:52:30,634 WARN  [net::futures_manager::peer] Disconnected from peer
2021-05-05 01:52:30,628 WARN  [net::futures_manager::peer] Disconnected from peer
2021-05-05 01:52:30,633 WARN  [net::futures_manager::peer] Disconnected from peer
DP[Window]: 20000
2021-05-05 01:52:37,417 INFO  [node_artemis] Successfully decoded the config file
2021-05-05 01:52:39,356 INFO  [node_artemis] Successfully decoded the config file
2021-05-05 01:52:39,408 INFO  [node_artemis] Successfully decoded the config file
2021-05-05 01:52:45,418 INFO  [net::futures_manager::protocol] New incoming connection from 10.100.100.13:37228
2021-05-05 01:52:45,423 INFO  [net::futures_manager::protocol] New incoming connection from 10.100.100.13:46750
2021-05-05 01:52:47,361 INFO  [net::futures_manager::protocol] New incoming connection from 10.100.100.207:52002
2021-05-05 01:52:47,355 INFO  [net::futures_manager::protocol] New incoming connection from 10.100.100.207:47746
2021-05-05 01:52:47,416 INFO  [net::futures_manager::protocol] New incoming connection from 10.100.100.224:50754
2021-05-05 01:52:47,416 INFO  [net::futures_manager::protocol] Connected to all nodes in the protocol
2021-05-05 01:52:47,416 INFO  [node_artemis] Using special artemis client: false
2021-05-05 01:52:47,417 INFO  [artemis::node::context] Using last f leaders: {0: ()}
2021-05-05 01:52:47,417 INFO  [artemis::node::context] Using eligible leaders: [1, 2]
2021-05-05 01:52:47,411 INFO  [net::futures_manager::protocol] Connected to all nodes in the protocol
2021-05-05 01:52:47,411 INFO  [node_artemis] Using special artemis client: false
2021-05-05 01:52:47,412 INFO  [artemis::node::context] Using last f leaders: {0: ()}
2021-05-05 01:52:47,412 INFO  [artemis::node::context] Using eligible leaders: [1, 2]
2021-05-05 01:52:47,416 INFO  [net::futures_manager::protocol] New incoming connection from 10.100.100.224:41308
2021-05-05 01:52:47,416 INFO  [net::futures_manager::protocol] Connected to all nodes in the protocol
2021-05-05 01:52:47,417 INFO  [node_artemis] Using special artemis client: false
2021-05-05 01:52:47,417 INFO  [artemis::node::context] Using last f leaders: {0: ()}
2021-05-05 01:52:47,417 INFO  [artemis::node::context] Using eligible leaders: [1, 2]
Using M: 1000000
2021-05-05 01:52:59,282 INFO  [client_artemis] Successfully decoded the config file
2021-05-05 01:53:13,356 INFO  [consensus] DP[Start]: SystemTime { tv_sec: 1620179579, tv_nsec: 291844748 }
2021-05-05 01:53:13,356 INFO  [consensus] DP[End]: SystemTime { tv_sec: 1620179593, tv_nsec: 356813669 }
2021-05-05 01:53:13,415 INFO  [consensus] DP[Throughput]: 71269.26519569804
2021-05-05 01:53:13,415 INFO  [consensus] DP[Latency]: 262.36690941739823
2021-05-05 01:53:13,417 INFO  [artemis::client::start] Closing tx producer channel: channel closed
2021-05-05 01:53:13,424 WARN  [net::futures_manager::peer] Disconnected from peer
2021-05-05 01:53:13,425 WARN  [net::futures_manager::peer] Disconnected from peer
2021-05-05 01:53:13,423 WARN  [net::futures_manager::peer] Disconnected from peer
DP[Window]: 40000
2021-05-05 01:53:22,510 INFO  [node_artemis] Successfully decoded the config file
2021-05-05 01:53:23,733 INFO  [node_artemis] Successfully decoded the config file
2021-05-05 01:53:24,392 INFO  [node_artemis] Successfully decoded the config file
2021-05-05 01:53:30,510 INFO  [net::futures_manager::protocol] New incoming connection from 10.100.100.13:37230
2021-05-05 01:53:30,516 INFO  [net::futures_manager::protocol] New incoming connection from 10.100.100.13:46754
2021-05-05 01:53:31,742 INFO  [net::futures_manager::protocol] New incoming connection from 10.100.100.224:41310
2021-05-05 01:53:31,742 INFO  [net::futures_manager::protocol] New incoming connection from 10.100.100.224:50756
2021-05-05 01:53:32,391 INFO  [net::futures_manager::protocol] New incoming connection from 10.100.100.207:47748
2021-05-05 01:53:32,391 INFO  [net::futures_manager::protocol] Connected to all nodes in the protocol
2021-05-05 01:53:32,397 INFO  [net::futures_manager::protocol] New incoming connection from 10.100.100.207:52004
2021-05-05 01:53:32,397 INFO  [net::futures_manager::protocol] Connected to all nodes in the protocol
2021-05-05 01:53:32,397 INFO  [node_artemis] Using special artemis client: false
2021-05-05 01:53:32,397 INFO  [artemis::node::context] Using last f leaders: {0: ()}
2021-05-05 01:53:32,397 INFO  [artemis::node::context] Using eligible leaders: [1, 2]
2021-05-05 01:53:32,396 INFO  [net::futures_manager::protocol] Connected to all nodes in the protocol
2021-05-05 01:53:32,391 INFO  [node_artemis] Using special artemis client: false
2021-05-05 01:53:32,392 INFO  [artemis::node::context] Using last f leaders: {0: ()}
2021-05-05 01:53:32,392 INFO  [artemis::node::context] Using eligible leaders: [1, 2]
2021-05-05 01:53:32,396 INFO  [node_artemis] Using special artemis client: false
2021-05-05 01:53:32,396 INFO  [artemis::node::context] Using last f leaders: {0: ()}
2021-05-05 01:53:32,396 INFO  [artemis::node::context] Using eligible leaders: [1, 2]
Using M: 1000000
2021-05-05 01:53:44,276 INFO  [client_artemis] Successfully decoded the config file
2021-05-05 01:53:54,231 INFO  [consensus] DP[Start]: SystemTime { tv_sec: 1620179624, tv_nsec: 284112737 }
2021-05-05 01:53:54,231 INFO  [consensus] DP[End]: SystemTime { tv_sec: 1620179634, tv_nsec: 231566119 }
2021-05-05 01:53:54,272 INFO  [consensus] DP[Throughput]: 102217.11637673098
2021-05-05 01:53:54,272 INFO  [consensus] DP[Latency]: 284.8462922895358
2021-05-05 01:53:54,279 INFO  [artemis::client::start] Closing tx producer channel: channel closed
2021-05-05 01:53:54,291 WARN  [net::futures_manager::peer] Disconnected from peer
2021-05-05 01:53:54,291 WARN  [net::futures_manager::peer] Disconnected from peer
2021-05-05 01:53:54,286 WARN  [net::futures_manager::peer] Disconnected from peer
DP[Window]: 60000
2021-05-05 01:54:02,725 INFO  [node_artemis] Successfully decoded the config file
2021-05-05 01:54:03,750 INFO  [node_artemis] Successfully decoded the config file
2021-05-05 01:54:04,429 INFO  [node_artemis] Successfully decoded the config file
2021-05-05 01:54:10,725 INFO  [net::futures_manager::protocol] New incoming connection from 10.100.100.13:37232
2021-05-05 01:54:10,731 INFO  [net::futures_manager::protocol] New incoming connection from 10.100.100.13:46756
2021-05-05 01:54:11,759 INFO  [net::futures_manager::protocol] New incoming connection from 10.100.100.224:41312
2021-05-05 01:54:11,758 INFO  [net::futures_manager::protocol] New incoming connection from 10.100.100.224:50758
2021-05-05 01:54:12,433 INFO  [net::futures_manager::protocol] New incoming connection from 10.100.100.207:52006
2021-05-05 01:54:12,433 INFO  [net::futures_manager::protocol] Connected to all nodes in the protocol
2021-05-05 01:54:12,433 INFO  [node_artemis] Using special artemis client: false
2021-05-05 01:54:12,433 INFO  [artemis::node::context] Using last f leaders: {0: ()}
2021-05-05 01:54:12,433 INFO  [artemis::node::context] Using eligible leaders: [1, 2]
2021-05-05 01:54:12,427 INFO  [net::futures_manager::protocol] New incoming connection from 10.100.100.207:47750
2021-05-05 01:54:12,432 INFO  [net::futures_manager::protocol] Connected to all nodes in the protocol
2021-05-05 01:54:12,427 INFO  [net::futures_manager::protocol] Connected to all nodes in the protocol
2021-05-05 01:54:12,427 INFO  [node_artemis] Using special artemis client: false
2021-05-05 01:54:12,427 INFO  [artemis::node::context] Using last f leaders: {0: ()}
2021-05-05 01:54:12,427 INFO  [artemis::node::context] Using eligible leaders: [1, 2]
2021-05-05 01:54:12,432 INFO  [node_artemis] Using special artemis client: false
2021-05-05 01:54:12,432 INFO  [artemis::node::context] Using last f leaders: {0: ()}
2021-05-05 01:54:12,432 INFO  [artemis::node::context] Using eligible leaders: [1, 2]
Using M: 1000000
2021-05-05 01:54:25,540 INFO  [client_artemis] Successfully decoded the config file
2021-05-05 01:54:35,767 INFO  [consensus] DP[Start]: SystemTime { tv_sec: 1620179665, tv_nsec: 548429639 }
2021-05-05 01:54:35,767 INFO  [consensus] DP[End]: SystemTime { tv_sec: 1620179675, tv_nsec: 767242863 }
2021-05-05 01:54:35,826 INFO  [consensus] DP[Throughput]: 98641.5915336041
2021-05-05 01:54:35,829 INFO  [consensus] DP[Latency]: 515.2905615079366
2021-05-05 01:54:35,829 INFO  [artemis::client::start] Closing tx producer channel: channel closed
2021-05-05 01:54:35,841 WARN  [net::futures_manager::peer] Disconnected from peer
2021-05-05 01:54:35,835 WARN  [net::futures_manager::peer] Disconnected from peer
2021-05-05 01:54:35,840 WARN  [net::futures_manager::peer] Disconnected from peer
DP[Window]: 80000
2021-05-05 01:54:43,580 INFO  [node_artemis] Successfully decoded the config file
2021-05-05 01:54:45,588 INFO  [node_artemis] Successfully decoded the config file
2021-05-05 01:54:46,054 INFO  [node_artemis] Successfully decoded the config file
2021-05-05 01:54:51,580 INFO  [net::futures_manager::protocol] New incoming connection from 10.100.100.13:37234
2021-05-05 01:54:51,585 INFO  [net::futures_manager::protocol] New incoming connection from 10.100.100.13:46760
2021-05-05 01:54:53,598 INFO  [net::futures_manager::protocol] New incoming connection from 10.100.100.224:41314
2021-05-05 01:54:53,597 INFO  [net::futures_manager::protocol] New incoming connection from 10.100.100.224:50760
2021-05-05 01:54:54,058 INFO  [net::futures_manager::protocol] New incoming connection from 10.100.100.207:52010
2021-05-05 01:54:54,058 INFO  [net::futures_manager::protocol] Connected to all nodes in the protocol
2021-05-05 01:54:54,058 INFO  [node_artemis] Using special artemis client: false
2021-05-05 01:54:54,058 INFO  [artemis::node::context] Using last f leaders: {0: ()}
2021-05-05 01:54:54,058 INFO  [artemis::node::context] Using eligible leaders: [1, 2]
2021-05-05 01:54:54,052 INFO  [net::futures_manager::protocol] New incoming connection from 10.100.100.207:47752
2021-05-05 01:54:54,052 INFO  [net::futures_manager::protocol] Connected to all nodes in the protocol
2021-05-05 01:54:54,052 INFO  [node_artemis] Using special artemis client: false
2021-05-05 01:54:54,052 INFO  [artemis::node::context] Using last f leaders: {0: ()}
2021-05-05 01:54:54,052 INFO  [artemis::node::context] Using eligible leaders: [1, 2]
2021-05-05 01:54:54,056 INFO  [net::futures_manager::protocol] Connected to all nodes in the protocol
2021-05-05 01:54:54,057 INFO  [node_artemis] Using special artemis client: false
2021-05-05 01:54:54,057 INFO  [artemis::node::context] Using last f leaders: {0: ()}
2021-05-05 01:54:54,057 INFO  [artemis::node::context] Using eligible leaders: [1, 2]
Using M: 1000000
2021-05-05 01:55:05,395 INFO  [client_artemis] Successfully decoded the config file
2021-05-05 01:55:22,695 INFO  [consensus] DP[Start]: SystemTime { tv_sec: 1620179705, tv_nsec: 403412593 }
2021-05-05 01:55:22,695 INFO  [consensus] DP[End]: SystemTime { tv_sec: 1620179722, tv_nsec: 695672011 }
2021-05-05 01:55:22,744 INFO  [consensus] DP[Throughput]: 57875.60640908724
2021-05-05 01:55:22,756 INFO  [consensus] DP[Latency]: 1161.9695473621102
2021-05-05 01:55:22,776 WARN  [net::futures_manager::peer] Disconnected from peer
2021-05-05 01:55:22,782 WARN  [net::futures_manager::peer] Disconnected from peer
2021-05-05 01:55:22,772 INFO  [artemis::client::start] Closing tx producer channel: channel closed
2021-05-05 01:55:22,781 WARN  [net::futures_manager::peer] Disconnected from peer
DP[Window]: 100000
2021-05-05 01:55:29,040 INFO  [node_artemis] Successfully decoded the config file
2021-05-05 01:55:29,828 INFO  [node_artemis] Successfully decoded the config file
2021-05-05 01:55:30,368 INFO  [node_artemis] Successfully decoded the config file
2021-05-05 01:55:37,045 INFO  [net::futures_manager::protocol] New incoming connection from 10.100.100.13:46762
2021-05-05 01:55:37,040 INFO  [net::futures_manager::protocol] New incoming connection from 10.100.100.13:37236
2021-05-05 01:55:37,836 INFO  [net::futures_manager::protocol] New incoming connection from 10.100.100.224:50762
2021-05-05 01:55:37,837 INFO  [net::futures_manager::protocol] New incoming connection from 10.100.100.224:41316
2021-05-05 01:55:38,372 INFO  [net::futures_manager::protocol] Connected to all nodes in the protocol
2021-05-05 01:55:38,372 INFO  [node_artemis] Using special artemis client: false
2021-05-05 01:55:38,372 INFO  [artemis::node::context] Using last f leaders: {0: ()}
2021-05-05 01:55:38,372 INFO  [artemis::node::context] Using eligible leaders: [1, 2]
2021-05-05 01:55:38,367 INFO  [net::futures_manager::protocol] New incoming connection from 10.100.100.207:47754
2021-05-05 01:55:38,367 INFO  [net::futures_manager::protocol] Connected to all nodes in the protocol
2021-05-05 01:55:38,367 INFO  [node_artemis] Using special artemis client: false
2021-05-05 01:55:38,367 INFO  [artemis::node::context] Using last f leaders: {0: ()}
2021-05-05 01:55:38,367 INFO  [artemis::node::context] Using eligible leaders: [1, 2]
2021-05-05 01:55:38,373 INFO  [net::futures_manager::protocol] New incoming connection from 10.100.100.207:52012
2021-05-05 01:55:38,373 INFO  [net::futures_manager::protocol] Connected to all nodes in the protocol
2021-05-05 01:55:38,373 INFO  [node_artemis] Using special artemis client: false
2021-05-05 01:55:38,373 INFO  [artemis::node::context] Using last f leaders: {0: ()}
2021-05-05 01:55:38,373 INFO  [artemis::node::context] Using eligible leaders: [1, 2]
Using M: 1000000
2021-05-05 01:55:50,415 INFO  [client_artemis] Successfully decoded the config file
2021-05-05 01:55:59,172 INFO  [consensus] DP[Start]: SystemTime { tv_sec: 1620179750, tv_nsec: 423853590 }
2021-05-05 01:55:59,172 INFO  [consensus] DP[End]: SystemTime { tv_sec: 1620179759, tv_nsec: 172667868 }
2021-05-05 01:55:59,220 INFO  [consensus] DP[Throughput]: 114575.52625395897
2021-05-05 01:55:59,226 INFO  [consensus] DP[Latency]: 557.9606165203512
2021-05-05 01:55:59,276 WARN  [net::futures_manager::peer] Disconnected from peer
2021-05-05 01:55:59,274 WARN  [net::futures_manager::peer] Disconnected from peer
2021-05-05 01:55:59,272 WARN  [net::futures_manager::peer] Disconnected from peer
2021-05-05 01:55:59,284 WARN  [net::futures_manager::peer] Disconnected from peer
DP[Window]: 120000
2021-05-05 01:56:08,688 INFO  [node_artemis] Successfully decoded the config file
2021-05-05 01:56:09,455 INFO  [node_artemis] Successfully decoded the config file
2021-05-05 01:56:09,989 INFO  [node_artemis] Successfully decoded the config file
2021-05-05 01:56:16,693 INFO  [net::futures_manager::protocol] New incoming connection from 10.100.100.13:46764
2021-05-05 01:56:16,688 INFO  [net::futures_manager::protocol] New incoming connection from 10.100.100.13:37240
2021-05-05 01:56:17,464 INFO  [net::futures_manager::protocol] New incoming connection from 10.100.100.224:41318
2021-05-05 01:56:17,463 INFO  [net::futures_manager::protocol] New incoming connection from 10.100.100.224:50764
2021-05-05 01:56:17,993 INFO  [net::futures_manager::protocol] New incoming connection from 10.100.100.207:52014
2021-05-05 01:56:17,993 INFO  [net::futures_manager::protocol] Connected to all nodes in the protocol
2021-05-05 01:56:17,993 INFO  [node_artemis] Using special artemis client: false
2021-05-05 01:56:17,993 INFO  [artemis::node::context] Using last f leaders: {0: ()}
2021-05-05 01:56:17,993 INFO  [artemis::node::context] Using eligible leaders: [1, 2]
2021-05-05 01:56:17,987 INFO  [net::futures_manager::protocol] New incoming connection from 10.100.100.207:47756
2021-05-05 01:56:17,987 INFO  [net::futures_manager::protocol] Connected to all nodes in the protocol
2021-05-05 01:56:17,992 INFO  [net::futures_manager::protocol] Connected to all nodes in the protocol
2021-05-05 01:56:17,992 INFO  [node_artemis] Using special artemis client: false
2021-05-05 01:56:17,992 INFO  [artemis::node::context] Using last f leaders: {0: ()}
2021-05-05 01:56:17,992 INFO  [artemis::node::context] Using eligible leaders: [1, 2]
2021-05-05 01:56:17,987 INFO  [node_artemis] Using special artemis client: false
2021-05-05 01:56:17,987 INFO  [artemis::node::context] Using last f leaders: {0: ()}
2021-05-05 01:56:17,987 INFO  [artemis::node::context] Using eligible leaders: [1, 2]
Using M: 1000000
2021-05-05 01:56:30,054 INFO  [client_artemis] Successfully decoded the config file
2021-05-05 01:56:36,641 INFO  [consensus] DP[Start]: SystemTime { tv_sec: 1620179790, tv_nsec: 62118438 }
2021-05-05 01:56:36,641 INFO  [consensus] DP[End]: SystemTime { tv_sec: 1620179796, tv_nsec: 641380474 }
2021-05-05 01:56:36,694 INFO  [consensus] DP[Throughput]: 154059.83139960773
2021-05-05 01:56:36,696 INFO  [consensus] DP[Latency]: 346.45626183898975
2021-05-05 01:56:36,696 INFO  [artemis::client::start] Closing tx producer channel: channel closed
2021-05-05 01:56:36,712 WARN  [net::futures_manager::peer] Disconnected from peer
2021-05-05 01:56:36,711 WARN  [net::futures_manager::peer] Disconnected from peer
2021-05-05 01:56:36,706 WARN  [net::futures_manager::peer] Disconnected from peer
