RTime:11858558
RTime:1671041
RTime:1552989
RTime:1945632
RTime:1524787
RTime:1862070
RTime:1576935
RTime:2053165
RTime:11062592
RTime:194028
RTime:206351
RTime:180397
RTime:188704
RTime:168052
RTime:162734
RTime:165766
RTime:249411
RTime:212791
RTime:187480
RTime:694299
RTime:603582
RTime:763646
RTime:630942
RTime:756557
RTime:592622
RTime:840220
RTime:655121
RTime:626428
RTime:488797
RTime:8935993
RTime:92529
RTime:91896
RTime:90575
RTime:88221
RTime:83771
RTime:81435
RTime:82901
RTime:83061
RTime:89278
RTime:90694
RTime:91018
RTime:89559
RTime:94330
RTime:83634
RTime:81360
RTime:82812
RTime:110816
RTime:100748
RTime:92752
RTime:106073
RTime:99956
RTime:202625
RTime:6955658
RTime:82856
RTime:85955
RTime:86188
RTime:80837
RTime:74422
RTime:72280
RTime:73765
RTime:94832
RTime:84013
RTime:76092
RTime:80481
RTime:80400
RTime:73887
RTime:69640
RTime:67815
RTime:69213
RTime:80379
RTime:77612
RTime:76906
RTime:91319
RTime:80901
RTime:69802
RTime:5926864
RTime:69647
RTime:69117
RTime:67735
RTime:74517
RTime:74308
RTime:75322
RTime:73649
RTime:78743
RTime:66955
RTime:68251
RTime:68056
RTime:66809
RTime:71467
RTime:79700
RTime:74885
RTime:74332
RTime:77334
RTime:76538
RTime:68649
RTime:69224
RTime:66926
RTime:180614
RTime:414662
RTime:297100
RTime:415575
RTime:315071
RTime:407585
RTime:290771
RTime:384302
RTime:313220
RTime:417497
RTime:6129858
RTime:70188
RTime:69223
RTime:67695
RTime:68668
RTime:68837
RTime:67626
RTime:68955
RTime:68890
RTime:67595
RTime:68626
RTime:69007
RTime:67407
RTime:68530
RTime:68796
RTime:67545
RTime:68833
RTime:77701
RTime:69046
RTime:68860
RTime:71658
RTime:230547
RTime:423765
RTime:6845713
RTime:79588
RTime:85138
RTime:77954
RTime:99044
RTime:98708
RTime:84573
RTime:83464
RTime:88367
RTime:97425
RTime:97065
RTime:85196
RTime:81548
RTime:95320
RTime:99506
RTime:86434
RTime:95209
RTime:90049
RTime:75034
RTime:85463
RTime:76087
RTime:93174
RTime:320305
RTime:6142143
RTime:77137
RTime:80521
RTime:75289
RTime:75240
RTime:73971
RTime:75160
RTime:73250
RTime:68448
RTime:66588
RTime:67725
RTime:68151
RTime:66783
RTime:74387
RTime:75433
RTime:75033
RTime:76624
RTime:93385
RTime:88011
RTime:99434
RTime:102450
RTime:77004
RTime:191724
RTime:6052561
RTime:69108
RTime:68483
RTime:72238
RTime:78468
RTime:77224
RTime:73924
RTime:75676
RTime:78817
RTime:66918
RTime:68276
RTime:68133
RTime:66502
RTime:71255
RTime:74896
RTime:73362
RTime:79805
RTime:113947
RTime:72044
RTime:69073
RTime:79264
RTime:71993
RTime:151222
RTime:5924195
RTime:69519
RTime:69222
RTime:72370
RTime:79381
RTime:77309
RTime:74729
RTime:68667
RTime:68390
RTime:66900
RTime:72181
RTime:84478
RTime:71558
RTime:76185
RTime:79192
RTime:75536
RTime:70357
RTime:79017
RTime:68161
RTime:67836
RTime:73916
RTime:75680
RTime:185218
RTime:6078832
RTime:69339
RTime:72820
RTime:75763
RTime:75203
RTime:75488
RTime:73368
RTime:79574
RTime:68994
RTime:66689
RTime:68573
RTime:68279
RTime:69086
RTime:76629
RTime:74981
RTime:73743
RTime:76940
RTime:83270
RTime:70025
RTime:68955
RTime:82423
RTime:76704
RTime:76469
RTime:7758946
RTime:70116
RTime:69069
RTime:66843
RTime:68047
RTime:68348
RTime:66834
RTime:68473
RTime:68689
RTime:66881
RTime:68401
RTime:73991
RTime:67119
RTime:68487
RTime:68680
RTime:67585
RTime:68717
RTime:85533
RTime:69512
RTime:86222
RTime:82689
RTime:526230
RTime:9071923
RTime:69920
RTime:68825
RTime:66749
RTime:67904
RTime:73790
RTime:70733
RTime:73030
RTime:72444
RTime:69773
RTime:72393
RTime:71680
RTime:72132
RTime:72522
RTime:68867
RTime:75396
RTime:68800
RTime:83241
RTime:68863
RTime:75156
RTime:72814
RTime:514198
RTime:8623754
RTime:69624
RTime:68716
RTime:66910
RTime:67942
RTime:68086
RTime:66760
RTime:68113
RTime:76119
RTime:66843
RTime:68332
RTime:68143
RTime:66710
RTime:67875
RTime:68359
RTime:66667
RTime:67834
RTime:83279
RTime:68950
RTime:72175
RTime:76172
RTime:448616
RTime:7515527
RTime:70075
RTime:68832
RTime:66773
RTime:68027
RTime:68316
RTime:66678
RTime:68008
RTime:68399
RTime:66886
RTime:68021
RTime:68500
RTime:66917
RTime:67942
RTime:68660
RTime:66761
RTime:67881
RTime:91012
RTime:69357
RTime:68075
RTime:76027
RTime:72525
RTime:374620
RTime:7228847
RTime:70147
RTime:68841
RTime:66804
RTime:68003
RTime:68221
RTime:66705
RTime:68025
RTime:68135
RTime:70440
RTime:68834
RTime:68377
RTime:66839
RTime:67734
RTime:68196
RTime:66763
RTime:68138
RTime:83061
RTime:68841
RTime:79088
RTime:73403
RTime:281965
RTime:7011636
RTime:124537
RTime:103918
RTime:99779
RTime:103145
RTime:104211
RTime:102707
RTime:104374
RTime:103562
RTime:101798
RTime:104647
RTime:103923
RTime:97962
RTime:102463
RTime:104341
RTime:100284
RTime:105289
RTime:121002
RTime:103419
RTime:104431
RTime:111374
RTime:94681
RTime:108093
RTime:336970
RTime:6631754
RTime:70664
RTime:68858
RTime:67073
RTime:68095
RTime:68490
RTime:66897
RTime:68175
RTime:68528
RTime:66842
RTime:68048
RTime:68349
RTime:86907
RTime:73650
RTime:72223
RTime:66923
RTime:68490
RTime:81798
RTime:68545
RTime:74591
RTime:71414
RTime:318342
RTime:7093072
RTime:77831
RTime:76954
RTime:75532
RTime:72384
RTime:68849
RTime:66821
RTime:68444
RTime:68782
RTime:70877
RTime:73775
RTime:73474
RTime:73259
RTime:74542
RTime:77009
RTime:67353
RTime:68720
RTime:80657
RTime:78807
RTime:81011
RTime:83336
RTime:78327
RTime:333262
RTime:6680394
RTime:77463
RTime:69697
RTime:66954
RTime:72104
RTime:68998
RTime:66920
RTime:68126
RTime:68294
RTime:66578
RTime:68002
RTime:68194
RTime:66853
RTime:68047
RTime:68419
RTime:66804
RTime:68054
RTime:79104
RTime:68617
RTime:67822
RTime:71119
RTime:70789
RTime:355995
RTime:6868775
RTime:90259
RTime:99139
RTime:96641
RTime:99222
RTime:93852
RTime:97947
RTime:86121
RTime:83526
RTime:91922
RTime:97965
RTime:92265
RTime:96670
RTime:97308
RTime:99858
RTime:98285
RTime:97512
RTime:122676
RTime:99666
RTime:91802
RTime:114498
RTime:98332
RTime:103417
RTime:98515
RTime:7011898
RTime:91172
RTime:94561
RTime:94041
RTime:101173
RTime:100122
RTime:93470
RTime:99751
RTime:97651
RTime:97209
RTime:97357
RTime:99652
RTime:97430
RTime:94827
RTime:99600
RTime:97670
RTime:98172
RTime:120205
RTime:96183
RTime:95664
RTime:109228
RTime:96937
RTime:128104
RTime:95097
RTime:6337690
RTime:100360
RTime:103574
RTime:89731
RTime:92931
RTime:98730
RTime:97613
RTime:98481
RTime:93354
RTime:98658
RTime:99473
RTime:98551
RTime:95320
RTime:96211
RTime:98966
RTime:94703
RTime:104624
RTime:118108
RTime:94454
RTime:100627
RTime:111169
RTime:96593
RTime:109838
RTime:99457
RTime:7019980
RTime:99618
RTime:100193
RTime:97327
RTime:93834
RTime:100323
RTime:96297
RTime:99220
RTime:94639
RTime:106231
RTime:94291
RTime:95217
RTime:96960
RTime:99421
RTime:98974
RTime:89610
RTime:100622
RTime:122018
RTime:99822
RTime:94853
RTime:115108
RTime:92634
RTime:109656
RTime:90370
RTime:6661250
RTime:96915
RTime:100243
RTime:97936
RTime:99198
RTime:92459
RTime:98104
RTime:98017
RTime:100400
RTime:95679
RTime:101020
RTime:93153
RTime:94979
RTime:78022
RTime:99957
RTime:96286
RTime:98032
RTime:110901
RTime:100547
RTime:97443
RTime:132634
RTime:94384
RTime:112294
RTime:99251
RTime:6353063
RTime:78339
RTime:76189
RTime:67057
RTime:68402
RTime:68058
RTime:66844
RTime:68406
RTime:77873
RTime:76136
RTime:77034
RTime:74641
RTime:75134
RTime:68521
RTime:68292
RTime:66717
RTime:67816
RTime:86070
RTime:456199
RTime:251046
RTime:83354
RTime:68868
RTime:78282
RTime:73145
RTime:241250
RTime:6431612
RTime:71988
RTime:69029
RTime:66838
RTime:67977
RTime:68121
RTime:66778
RTime:68033
RTime:68119
RTime:66633
RTime:67693
RTime:68118
RTime:66644
RTime:67700
RTime:68192
RTime:74601
RTime:68955
RTime:84807
RTime:74357
RTime:77193
RTime:88768
RTime:76347
RTime:272192
RTime:6432558
RTime:69971
RTime:68548
RTime:66940
RTime:67812
RTime:68219
RTime:66772
RTime:68010
RTime:68182
RTime:66675
RTime:67762
RTime:68172
RTime:66792
RTime:67848
RTime:68011
RTime:66591
RTime:67944
RTime:81825
RTime:68977
RTime:67938
RTime:75723
RTime:72625
RTime:383496
RTime:6367327
RTime:69709
RTime:68458
RTime:66890
RTime:67973
RTime:68175
RTime:66884
RTime:68111
RTime:68069
RTime:66636
RTime:67932
RTime:68258
RTime:66614
RTime:67839
RTime:68281
RTime:72455
RTime:80868
RTime:87194
RTime:74726
RTime:68447
RTime:76966
RTime:71190
RTime:165621
RTime:5822421
RTime:70051
RTime:69425
RTime:67717
RTime:68701
RTime:68937
RTime:67586
RTime:75786
RTime:69001
RTime:66741
RTime:67808
RTime:68060
RTime:66780
RTime:67709
RTime:68219
RTime:66593
RTime:67766
RTime:79201
RTime:74765
RTime:68941
RTime:76012
RTime:70936
RTime:254948
RTime:5839035
RTime:70171
RTime:69468
RTime:67878
RTime:68870
RTime:69594
RTime:67557
RTime:68910
RTime:68989
RTime:67519
RTime:68655
RTime:69116
RTime:67662
RTime:68731
RTime:69012
RTime:67508
RTime:69622
RTime:77616
RTime:68927
RTime:68872
RTime:74697
RTime:71915
RTime:295270
RTime:6219364
RTime:69922
RTime:68435
RTime:122557
RTime:68647
RTime:77493
RTime:73484
RTime:76835
RTime:78108
RTime:66823
RTime:68236
RTime:67991
RTime:69362
RTime:73092
RTime:81333
RTime:70862
RTime:75337
RTime:92779
RTime:78237
RTime:72206
RTime:76776
RTime:79278
RTime:116219
RTime:5869167
RTime:76643
RTime:74023
RTime:66885
RTime:68026
RTime:68206
RTime:66662
RTime:67879
RTime:71967
RTime:81170
RTime:82506
RTime:77231
RTime:70264
RTime:68259
RTime:68062
RTime:66659
RTime:67945
RTime:86252
RTime:80016
RTime:77850
RTime:81268
RTime:72848
RTime:223526
RTime:5704351
RTime:70010
RTime:68407
RTime:66657
RTime:71554
RTime:76781
RTime:71672
RTime:73130
RTime:75052
RTime:77307
RTime:77960
RTime:74828
RTime:67036
RTime:68115
RTime:68203
RTime:66582
RTime:68081
RTime:85835
RTime:77395
RTime:76436
RTime:79460
RTime:99800
RTime:337338
RTime:6542471
RTime:70074
RTime:69296
RTime:67891
RTime:68771
RTime:69199
RTime:67634
RTime:68818
RTime:68880
RTime:67467
RTime:68645
RTime:68981
RTime:67569
RTime:68661
RTime:69045
RTime:67603
RTime:68808
RTime:77521
RTime:69179
RTime:68738
RTime:79741
RTime:74361
RTime:187469
RTime:6625260
RTime:69553
RTime:68471
RTime:66715
RTime:67794
RTime:68111
RTime:66666
RTime:68026
RTime:68313
RTime:66803
RTime:67932
RTime:68132
RTime:66688
RTime:67632
RTime:68046
RTime:66615
RTime:67907
RTime:76742
RTime:68436
RTime:68104
RTime:73527
RTime:70976
RTime:189120
RTime:6061900
RTime:70427
RTime:69592
RTime:67911
RTime:68871
RTime:69131
RTime:67485
RTime:68710
RTime:68986
RTime:67590
RTime:68674
RTime:69240
RTime:67829
RTime:68721
RTime:69122
RTime:67592
RTime:68687
RTime:77540
RTime:69186
RTime:68724
RTime:71993
RTime:67893
RTime:77122
RTime:389641
RTime:5930909
RTime:69295
RTime:68382
RTime:66758
RTime:67876
RTime:68223
RTime:66777
RTime:68215
RTime:68205
RTime:66614
RTime:67767
RTime:67939
RTime:66659
RTime:67855
RTime:77012
RTime:66974
RTime:68838
RTime:78793
RTime:68329
RTime:67969
RTime:73841
RTime:70862
RTime:106896
RTime:5912061
RTime:70128
RTime:77821
RTime:67020
RTime:68415
RTime:68291
RTime:66771
RTime:68133
RTime:68324
RTime:66933
RTime:67915
RTime:68180
RTime:66716
RTime:67701
RTime:68037
RTime:66676
RTime:68076
RTime:78583
RTime:68407
RTime:68043
RTime:71033
RTime:70650
RTime:322172
RTime:6464859
RTime:70159
RTime:69339
RTime:67888
RTime:68828
RTime:69232
RTime:67575
RTime:69613
RTime:68845
RTime:67350
RTime:68551
RTime:68818
RTime:67363
RTime:68661
RTime:69141
RTime:67538
RTime:68751
RTime:77939
RTime:69080
RTime:68525
RTime:71774
RTime:71543
RTime:314201
RTime:6348841
RTime:70106
RTime:69356
RTime:67638
RTime:71201
RTime:77520
RTime:80524
RTime:75917
RTime:76542
RTime:69408
RTime:68388
RTime:68539
RTime:77494
RTime:78254
RTime:78485
RTime:73371
RTime:77175
RTime:89570
RTime:69175
RTime:67768
RTime:75833
RTime:71006
RTime:208472
RTime:6662702
RTime:80652
RTime:69429
RTime:66900
RTime:67836
RTime:68287
RTime:68180
RTime:77184
RTime:81459
RTime:77163
RTime:70650
RTime:68598
RTime:66607
RTime:67916
RTime:74082
RTime:76193
RTime:76950
RTime:92106
RTime:76321
RTime:68511
RTime:76171
RTime:71082
RTime:182085
RTime:6395955
RTime:77211
RTime:79279
RTime:83301
RTime:71831
RTime:68617
RTime:66648
RTime:67936
RTime:79979
RTime:75814
RTime:77504
RTime:77893
RTime:72836
RTime:68398
RTime:68066
RTime:66608
RTime:68010
RTime:82577
RTime:79821
RTime:77808
RTime:84941
RTime:79387
RTime:173604
RTime:8334451
RTime:90420
RTime:85127
RTime:77614
RTime:78421
RTime:77349
RTime:88096
RTime:74782
RTime:69422
RTime:66727
RTime:68212
RTime:68168
RTime:66683
RTime:69414
Stats
Highest: 11858558
Lowest: 66502
Average: 406668
