DP[Window]: 800
2021-05-05 04:22:06,159 INFO  [node_artemis] Successfully decoded the config file
2021-05-05 04:22:06,772 INFO  [node_artemis] Successfully decoded the config file
2021-05-05 04:22:07,599 INFO  [node_artemis] Successfully decoded the config file
2021-05-05 04:22:14,165 INFO  [net::futures_manager::protocol] New incoming connection from 10.100.100.104:41670
2021-05-05 04:22:14,159 INFO  [net::futures_manager::protocol] New incoming connection from 10.100.100.104:52634
2021-05-05 04:22:14,780 INFO  [net::futures_manager::protocol] New incoming connection from 10.100.100.237:52546
2021-05-05 04:22:14,780 INFO  [net::futures_manager::protocol] New incoming connection from 10.100.100.237:44044
2021-05-05 04:22:15,601 INFO  [net::futures_manager::protocol] Connected to all nodes in the protocol
2021-05-05 04:22:15,602 INFO  [node_artemis] Using special artemis client: true
2021-05-05 04:22:15,602 INFO  [artemis::node::context] Using last f leaders: {0: ()}
2021-05-05 04:22:15,602 INFO  [artemis::node::context] Using eligible leaders: [1, 2]
2021-05-05 04:22:15,602 INFO  [net::futures_manager::protocol] New incoming connection from 10.100.100.202:35768
2021-05-05 04:22:15,596 INFO  [net::futures_manager::protocol] New incoming connection from 10.100.100.202:39566
2021-05-05 04:22:15,596 INFO  [net::futures_manager::protocol] Connected to all nodes in the protocol
2021-05-05 04:22:15,596 INFO  [node_artemis] Using special artemis client: true
2021-05-05 04:22:15,596 INFO  [artemis::node::context] Using last f leaders: {0: ()}
2021-05-05 04:22:15,596 INFO  [artemis::node::context] Using eligible leaders: [1, 2]
2021-05-05 04:22:15,602 INFO  [net::futures_manager::protocol] Connected to all nodes in the protocol
2021-05-05 04:22:15,602 INFO  [node_artemis] Using special artemis client: true
2021-05-05 04:22:15,602 INFO  [artemis::node::context] Using last f leaders: {0: ()}
2021-05-05 04:22:15,602 INFO  [artemis::node::context] Using eligible leaders: [1, 2]
Using M: 1000000
2021-05-05 04:22:28,140 INFO  [client_artemis] Successfully decoded the config file
2021-05-05 04:22:31,998 INFO  [consensus] DP[Start]: SystemTime { tv_sec: 1620188548, tv_nsec: 144372504 }
2021-05-05 04:22:31,998 INFO  [consensus] DP[End]: SystemTime { tv_sec: 1620188551, tv_nsec: 998203846 }
2021-05-05 04:22:32,024 INFO  [consensus] DP[Throughput]: 259585.82802973114
2021-05-05 04:22:32,024 INFO  [consensus] DP[Latency]: 2.0829188324670134
2021-05-05 04:22:32,024 INFO  [artemis::client::start] Closing tx producer channel: channel closed
2021-05-05 04:22:32,030 WARN  [net::futures_manager::peer] Disconnected from peer
2021-05-05 04:22:32,025 WARN  [net::futures_manager::peer] Disconnected from peer
2021-05-05 04:22:32,030 WARN  [net::futures_manager::peer] Disconnected from peer
DP[Window]: 1000
2021-05-05 04:22:37,194 INFO  [node_artemis] Successfully decoded the config file
2021-05-05 04:22:37,689 INFO  [node_artemis] Successfully decoded the config file
2021-05-05 04:22:38,407 INFO  [node_artemis] Successfully decoded the config file
2021-05-05 04:22:45,199 INFO  [net::futures_manager::protocol] New incoming connection from 10.100.100.104:41672
2021-05-05 04:22:45,194 INFO  [net::futures_manager::protocol] New incoming connection from 10.100.100.104:52636
2021-05-05 04:22:45,697 INFO  [net::futures_manager::protocol] New incoming connection from 10.100.100.237:44046
2021-05-05 04:22:45,696 INFO  [net::futures_manager::protocol] New incoming connection from 10.100.100.237:52548
2021-05-05 04:22:46,410 INFO  [net::futures_manager::protocol] New incoming connection from 10.100.100.202:35770
2021-05-05 04:22:46,411 INFO  [net::futures_manager::protocol] Connected to all nodes in the protocol
2021-05-05 04:22:46,405 INFO  [net::futures_manager::protocol] New incoming connection from 10.100.100.202:39568
2021-05-05 04:22:46,405 INFO  [net::futures_manager::protocol] Connected to all nodes in the protocol
2021-05-05 04:22:46,405 INFO  [node_artemis] Using special artemis client: true
2021-05-05 04:22:46,405 INFO  [artemis::node::context] Using last f leaders: {0: ()}
2021-05-05 04:22:46,405 INFO  [artemis::node::context] Using eligible leaders: [1, 2]
2021-05-05 04:22:46,411 INFO  [node_artemis] Using special artemis client: true
2021-05-05 04:22:46,411 INFO  [artemis::node::context] Using last f leaders: {0: ()}
2021-05-05 04:22:46,411 INFO  [artemis::node::context] Using eligible leaders: [1, 2]
2021-05-05 04:22:46,410 INFO  [net::futures_manager::protocol] Connected to all nodes in the protocol
2021-05-05 04:22:46,410 INFO  [node_artemis] Using special artemis client: true
2021-05-05 04:22:46,410 INFO  [artemis::node::context] Using last f leaders: {0: ()}
2021-05-05 04:22:46,410 INFO  [artemis::node::context] Using eligible leaders: [1, 2]
Using M: 1000000
2021-05-05 04:22:58,449 INFO  [client_artemis] Successfully decoded the config file
2021-05-05 04:23:01,940 INFO  [consensus] DP[Start]: SystemTime { tv_sec: 1620188578, tv_nsec: 453159542 }
2021-05-05 04:23:01,940 INFO  [consensus] DP[End]: SystemTime { tv_sec: 1620188581, tv_nsec: 940077418 }
2021-05-05 04:23:01,966 INFO  [consensus] DP[Throughput]: 286900.93531758303
2021-05-05 04:23:01,967 INFO  [consensus] DP[Latency]: 2.4842233106757297
2021-05-05 04:23:01,967 INFO  [artemis::client::start] Closing tx producer channel: channel closed
2021-05-05 04:23:01,968 WARN  [net::futures_manager::peer] Disconnected from peer
2021-05-05 04:23:01,973 WARN  [net::futures_manager::peer] Disconnected from peer
2021-05-05 04:23:01,972 WARN  [net::futures_manager::peer] Disconnected from peer
DP[Window]: 2000
2021-05-05 04:23:07,788 INFO  [node_artemis] Successfully decoded the config file
2021-05-05 04:23:08,245 INFO  [node_artemis] Successfully decoded the config file
2021-05-05 04:23:08,699 INFO  [node_artemis] Successfully decoded the config file
2021-05-05 04:23:15,788 INFO  [net::futures_manager::protocol] New incoming connection from 10.100.100.104:52638
2021-05-05 04:23:15,792 INFO  [net::futures_manager::protocol] New incoming connection from 10.100.100.104:41674
2021-05-05 04:23:16,252 INFO  [net::futures_manager::protocol] New incoming connection from 10.100.100.237:52550
2021-05-05 04:23:16,253 INFO  [net::futures_manager::protocol] New incoming connection from 10.100.100.237:44048
2021-05-05 04:23:16,697 INFO  [net::futures_manager::protocol] New incoming connection from 10.100.100.202:39570
2021-05-05 04:23:16,697 INFO  [net::futures_manager::protocol] Connected to all nodes in the protocol
2021-05-05 04:23:16,698 INFO  [node_artemis] Using special artemis client: true
2021-05-05 04:23:16,698 INFO  [artemis::node::context] Using last f leaders: {0: ()}
2021-05-05 04:23:16,698 INFO  [artemis::node::context] Using eligible leaders: [1, 2]
2021-05-05 04:23:16,702 INFO  [net::futures_manager::protocol] Connected to all nodes in the protocol
2021-05-05 04:23:16,702 INFO  [node_artemis] Using special artemis client: true
2021-05-05 04:23:16,702 INFO  [artemis::node::context] Using last f leaders: {0: ()}
2021-05-05 04:23:16,702 INFO  [artemis::node::context] Using eligible leaders: [1, 2]
2021-05-05 04:23:16,703 INFO  [net::futures_manager::protocol] New incoming connection from 10.100.100.202:35772
2021-05-05 04:23:16,703 INFO  [net::futures_manager::protocol] Connected to all nodes in the protocol
2021-05-05 04:23:16,703 INFO  [node_artemis] Using special artemis client: true
2021-05-05 04:23:16,703 INFO  [artemis::node::context] Using last f leaders: {0: ()}
2021-05-05 04:23:16,703 INFO  [artemis::node::context] Using eligible leaders: [1, 2]
Using M: 1000000
2021-05-05 04:23:28,932 INFO  [client_artemis] Successfully decoded the config file
2021-05-05 04:23:32,479 INFO  [consensus] DP[Start]: SystemTime { tv_sec: 1620188608, tv_nsec: 936373955 }
2021-05-05 04:23:32,479 INFO  [consensus] DP[End]: SystemTime { tv_sec: 1620188612, tv_nsec: 479786523 }
2021-05-05 04:23:32,505 INFO  [consensus] DP[Throughput]: 282326.7064734303
2021-05-05 04:23:32,505 INFO  [consensus] DP[Latency]: 5.741857257097161
2021-05-05 04:23:32,505 INFO  [artemis::client::start] Closing tx producer channel: channel closed
2021-05-05 04:23:32,507 WARN  [net::futures_manager::peer] Disconnected from peer
2021-05-05 04:23:32,511 WARN  [net::futures_manager::peer] Disconnected from peer
2021-05-05 04:23:32,513 WARN  [net::futures_manager::peer] Disconnected from peer
DP[Window]: 4000
2021-05-05 04:23:37,401 INFO  [node_artemis] Successfully decoded the config file
2021-05-05 04:23:38,404 INFO  [node_artemis] Successfully decoded the config file
2021-05-05 04:23:39,016 INFO  [node_artemis] Successfully decoded the config file
2021-05-05 04:23:45,401 INFO  [net::futures_manager::protocol] New incoming connection from 10.100.100.104:52640
2021-05-05 04:23:45,405 INFO  [net::futures_manager::protocol] New incoming connection from 10.100.100.104:41676
2021-05-05 04:23:46,412 INFO  [net::futures_manager::protocol] New incoming connection from 10.100.100.237:44050
2021-05-05 04:23:46,411 INFO  [net::futures_manager::protocol] New incoming connection from 10.100.100.237:52552
2021-05-05 04:23:47,016 INFO  [net::futures_manager::protocol] New incoming connection from 10.100.100.202:39572
2021-05-05 04:23:47,016 INFO  [net::futures_manager::protocol] Connected to all nodes in the protocol
2021-05-05 04:23:47,016 INFO  [node_artemis] Using special artemis client: true
2021-05-05 04:23:47,016 INFO  [artemis::node::context] Using last f leaders: {0: ()}
2021-05-05 04:23:47,016 INFO  [artemis::node::context] Using eligible leaders: [1, 2]
2021-05-05 04:23:47,021 INFO  [net::futures_manager::protocol] New incoming connection from 10.100.100.202:35774
2021-05-05 04:23:47,021 INFO  [net::futures_manager::protocol] Connected to all nodes in the protocol
2021-05-05 04:23:47,021 INFO  [node_artemis] Using special artemis client: true
2021-05-05 04:23:47,021 INFO  [artemis::node::context] Using last f leaders: {0: ()}
2021-05-05 04:23:47,021 INFO  [artemis::node::context] Using eligible leaders: [1, 2]
2021-05-05 04:23:47,019 INFO  [net::futures_manager::protocol] Connected to all nodes in the protocol
2021-05-05 04:23:47,019 INFO  [node_artemis] Using special artemis client: true
2021-05-05 04:23:47,020 INFO  [artemis::node::context] Using last f leaders: {0: ()}
2021-05-05 04:23:47,020 INFO  [artemis::node::context] Using eligible leaders: [1, 2]
Using M: 1000000
2021-05-05 04:23:58,973 INFO  [client_artemis] Successfully decoded the config file
2021-05-05 04:24:02,118 INFO  [consensus] DP[Start]: SystemTime { tv_sec: 1620188638, tv_nsec: 977567442 }
2021-05-05 04:24:02,118 INFO  [consensus] DP[End]: SystemTime { tv_sec: 1620188642, tv_nsec: 118597254 }
2021-05-05 04:24:02,149 WARN  [net::futures_manager::peer] Disconnected from peer
2021-05-05 04:24:02,145 INFO  [consensus] DP[Throughput]: 318494.27094835864
2021-05-05 04:24:02,145 INFO  [consensus] DP[Latency]: 10.60424130347861
2021-05-05 04:24:02,145 INFO  [artemis::client::start] Closing tx producer channel: channel closed
2021-05-05 04:24:02,153 WARN  [net::futures_manager::peer] Disconnected from peer
2021-05-05 04:24:02,155 WARN  [net::futures_manager::peer] Disconnected from peer
DP[Window]: 7000
2021-05-05 04:24:07,950 INFO  [node_artemis] Successfully decoded the config file
2021-05-05 04:24:08,716 INFO  [node_artemis] Successfully decoded the config file
2021-05-05 04:24:09,481 INFO  [node_artemis] Successfully decoded the config file
2021-05-05 04:24:15,953 INFO  [net::futures_manager::protocol] New incoming connection from 10.100.100.104:41678
2021-05-05 04:24:15,950 INFO  [net::futures_manager::protocol] New incoming connection from 10.100.100.104:52642
2021-05-05 04:24:16,722 INFO  [net::futures_manager::protocol] New incoming connection from 10.100.100.237:52554
2021-05-05 04:24:16,724 INFO  [net::futures_manager::protocol] New incoming connection from 10.100.100.237:44052
2021-05-05 04:24:17,484 INFO  [net::futures_manager::protocol] Connected to all nodes in the protocol
2021-05-05 04:24:17,484 INFO  [node_artemis] Using special artemis client: true
2021-05-05 04:24:17,484 INFO  [artemis::node::context] Using last f leaders: {0: ()}
2021-05-05 04:24:17,484 INFO  [artemis::node::context] Using eligible leaders: [1, 2]
2021-05-05 04:24:17,486 INFO  [net::futures_manager::protocol] New incoming connection from 10.100.100.202:35776
2021-05-05 04:24:17,486 INFO  [net::futures_manager::protocol] Connected to all nodes in the protocol
2021-05-05 04:24:17,486 INFO  [node_artemis] Using special artemis client: true
2021-05-05 04:24:17,481 INFO  [net::futures_manager::protocol] New incoming connection from 10.100.100.202:39574
2021-05-05 04:24:17,481 INFO  [net::futures_manager::protocol] Connected to all nodes in the protocol
2021-05-05 04:24:17,481 INFO  [node_artemis] Using special artemis client: true
2021-05-05 04:24:17,487 INFO  [artemis::node::context] Using last f leaders: {0: ()}
2021-05-05 04:24:17,487 INFO  [artemis::node::context] Using eligible leaders: [1, 2]
2021-05-05 04:24:17,481 INFO  [artemis::node::context] Using last f leaders: {0: ()}
2021-05-05 04:24:17,481 INFO  [artemis::node::context] Using eligible leaders: [1, 2]
Using M: 1000000
2021-05-05 04:24:29,469 INFO  [client_artemis] Successfully decoded the config file
2021-05-05 04:24:32,727 INFO  [consensus] DP[Start]: SystemTime { tv_sec: 1620188669, tv_nsec: 473074682 }
2021-05-05 04:24:32,727 INFO  [consensus] DP[End]: SystemTime { tv_sec: 1620188672, tv_nsec: 727865536 }
2021-05-05 04:24:32,760 INFO  [consensus] DP[Throughput]: 307362.2991076526
2021-05-05 04:24:32,760 INFO  [consensus] DP[Latency]: 20.021822271091562
2021-05-05 04:24:32,760 INFO  [artemis::client::start] Closing tx producer channel: channel closed
2021-05-05 04:24:32,766 WARN  [net::futures_manager::peer] Disconnected from peer
2021-05-05 04:24:32,763 WARN  [net::futures_manager::peer] Disconnected from peer
2021-05-05 04:24:32,768 WARN  [net::futures_manager::peer] Disconnected from peer
DP[Window]: 10000
2021-05-05 04:24:37,652 INFO  [node_artemis] Successfully decoded the config file
2021-05-05 04:24:38,224 INFO  [node_artemis] Successfully decoded the config file
2021-05-05 04:24:38,716 INFO  [node_artemis] Successfully decoded the config file
2021-05-05 04:24:45,655 INFO  [net::futures_manager::protocol] New incoming connection from 10.100.100.104:41680
2021-05-05 04:24:45,653 INFO  [net::futures_manager::protocol] New incoming connection from 10.100.100.104:52644
2021-05-05 04:24:46,229 INFO  [net::futures_manager::protocol] New incoming connection from 10.100.100.237:52556
2021-05-05 04:24:46,232 INFO  [net::futures_manager::protocol] New incoming connection from 10.100.100.237:44054
2021-05-05 04:24:46,721 INFO  [net::futures_manager::protocol] New incoming connection from 10.100.100.202:35778
2021-05-05 04:24:46,721 INFO  [net::futures_manager::protocol] Connected to all nodes in the protocol
2021-05-05 04:24:46,721 INFO  [node_artemis] Using special artemis client: true
2021-05-05 04:24:46,721 INFO  [artemis::node::context] Using last f leaders: {0: ()}
2021-05-05 04:24:46,721 INFO  [artemis::node::context] Using eligible leaders: [1, 2]
2021-05-05 04:24:46,718 INFO  [net::futures_manager::protocol] Connected to all nodes in the protocol
2021-05-05 04:24:46,718 INFO  [node_artemis] Using special artemis client: true
2021-05-05 04:24:46,718 INFO  [artemis::node::context] Using last f leaders: {0: ()}
2021-05-05 04:24:46,718 INFO  [artemis::node::context] Using eligible leaders: [1, 2]
2021-05-05 04:24:46,715 INFO  [net::futures_manager::protocol] New incoming connection from 10.100.100.202:39576
2021-05-05 04:24:46,716 INFO  [net::futures_manager::protocol] Connected to all nodes in the protocol
2021-05-05 04:24:46,716 INFO  [node_artemis] Using special artemis client: true
2021-05-05 04:24:46,716 INFO  [artemis::node::context] Using last f leaders: {0: ()}
2021-05-05 04:24:46,716 INFO  [artemis::node::context] Using eligible leaders: [1, 2]
Using M: 1000000
2021-05-05 04:24:58,773 INFO  [client_artemis] Successfully decoded the config file
2021-05-05 04:25:01,985 INFO  [consensus] DP[Start]: SystemTime { tv_sec: 1620188698, tv_nsec: 777457618 }
2021-05-05 04:25:01,985 INFO  [consensus] DP[End]: SystemTime { tv_sec: 1620188701, tv_nsec: 985141906 }
2021-05-05 04:25:02,024 WARN  [net::futures_manager::peer] Disconnected from peer
2021-05-05 04:25:02,027 WARN  [net::futures_manager::peer] Disconnected from peer
2021-05-05 04:25:02,017 INFO  [consensus] DP[Throughput]: 311876.07949526486
2021-05-05 04:25:02,017 INFO  [consensus] DP[Latency]: 26.069316273490603
2021-05-05 04:25:02,017 INFO  [artemis::client::start] Closing tx producer channel: channel closed
2021-05-05 04:25:02,022 WARN  [net::futures_manager::peer] Disconnected from peer
DP[Window]: 20000
2021-05-05 04:25:06,809 INFO  [node_artemis] Successfully decoded the config file
2021-05-05 04:25:07,318 INFO  [node_artemis] Successfully decoded the config file
2021-05-05 04:25:07,923 INFO  [node_artemis] Successfully decoded the config file
2021-05-05 04:25:14,809 INFO  [net::futures_manager::protocol] New incoming connection from 10.100.100.104:52646
2021-05-05 04:25:14,811 INFO  [net::futures_manager::protocol] New incoming connection from 10.100.100.104:41682
2021-05-05 04:25:15,326 INFO  [net::futures_manager::protocol] New incoming connection from 10.100.100.237:44056
2021-05-05 04:25:15,323 INFO  [net::futures_manager::protocol] New incoming connection from 10.100.100.237:52558
2021-05-05 04:25:15,925 INFO  [net::futures_manager::protocol] Connected to all nodes in the protocol
2021-05-05 04:25:15,926 INFO  [node_artemis] Using special artemis client: true
2021-05-05 04:25:15,926 INFO  [artemis::node::context] Using last f leaders: {0: ()}
2021-05-05 04:25:15,926 INFO  [artemis::node::context] Using eligible leaders: [1, 2]
2021-05-05 04:25:15,924 INFO  [net::futures_manager::protocol] New incoming connection from 10.100.100.202:39578
2021-05-05 04:25:15,924 INFO  [net::futures_manager::protocol] Connected to all nodes in the protocol
2021-05-05 04:25:15,924 INFO  [node_artemis] Using special artemis client: true
2021-05-05 04:25:15,924 INFO  [artemis::node::context] Using last f leaders: {0: ()}
2021-05-05 04:25:15,924 INFO  [artemis::node::context] Using eligible leaders: [1, 2]
2021-05-05 04:25:15,929 INFO  [net::futures_manager::protocol] New incoming connection from 10.100.100.202:35780
2021-05-05 04:25:15,929 INFO  [net::futures_manager::protocol] Connected to all nodes in the protocol
2021-05-05 04:25:15,929 INFO  [node_artemis] Using special artemis client: true
2021-05-05 04:25:15,929 INFO  [artemis::node::context] Using last f leaders: {0: ()}
2021-05-05 04:25:15,929 INFO  [artemis::node::context] Using eligible leaders: [1, 2]
Using M: 1000000
2021-05-05 04:25:27,872 INFO  [client_artemis] Successfully decoded the config file
2021-05-05 04:25:31,216 INFO  [consensus] DP[Start]: SystemTime { tv_sec: 1620188727, tv_nsec: 876752012 }
2021-05-05 04:25:31,216 INFO  [consensus] DP[End]: SystemTime { tv_sec: 1620188731, tv_nsec: 216101805 }
2021-05-05 04:25:31,242 INFO  [consensus] DP[Throughput]: 299579.27800707036
2021-05-05 04:25:31,242 INFO  [consensus] DP[Latency]: 55.26789484206317
2021-05-05 04:25:31,242 INFO  [artemis::client::start] Closing tx producer channel: channel closed
2021-05-05 04:25:31,248 WARN  [net::futures_manager::peer] Disconnected from peer
2021-05-05 04:25:31,253 WARN  [net::futures_manager::peer] Disconnected from peer
2021-05-05 04:25:31,249 WARN  [net::futures_manager::peer] Disconnected from peer
DP[Window]: 40000
2021-05-05 04:25:36,336 INFO  [node_artemis] Successfully decoded the config file
2021-05-05 04:25:36,604 INFO  [node_artemis] Successfully decoded the config file
2021-05-05 04:25:38,419 INFO  [node_artemis] Successfully decoded the config file
2021-05-05 04:25:44,336 INFO  [net::futures_manager::protocol] New incoming connection from 10.100.100.104:52648
2021-05-05 04:25:44,338 INFO  [net::futures_manager::protocol] New incoming connection from 10.100.100.104:41684
2021-05-05 04:25:44,613 INFO  [net::futures_manager::protocol] New incoming connection from 10.100.100.237:44058
2021-05-05 04:25:44,609 INFO  [net::futures_manager::protocol] New incoming connection from 10.100.100.237:52562
2021-05-05 04:25:46,421 INFO  [net::futures_manager::protocol] New incoming connection from 10.100.100.202:39580
2021-05-05 04:25:46,421 INFO  [net::futures_manager::protocol] Connected to all nodes in the protocol
2021-05-05 04:25:46,421 INFO  [node_artemis] Using special artemis client: true
2021-05-05 04:25:46,421 INFO  [artemis::node::context] Using last f leaders: {0: ()}
2021-05-05 04:25:46,421 INFO  [artemis::node::context] Using eligible leaders: [1, 2]
2021-05-05 04:25:46,422 INFO  [net::futures_manager::protocol] Connected to all nodes in the protocol
2021-05-05 04:25:46,422 INFO  [node_artemis] Using special artemis client: true
2021-05-05 04:25:46,422 INFO  [artemis::node::context] Using last f leaders: {0: ()}
2021-05-05 04:25:46,422 INFO  [artemis::node::context] Using eligible leaders: [1, 2]
2021-05-05 04:25:46,426 INFO  [net::futures_manager::protocol] New incoming connection from 10.100.100.202:35782
2021-05-05 04:25:46,426 INFO  [net::futures_manager::protocol] Connected to all nodes in the protocol
2021-05-05 04:25:46,426 INFO  [node_artemis] Using special artemis client: true
2021-05-05 04:25:46,426 INFO  [artemis::node::context] Using last f leaders: {0: ()}
2021-05-05 04:25:46,426 INFO  [artemis::node::context] Using eligible leaders: [1, 2]
Using M: 1000000
2021-05-05 04:25:58,378 INFO  [client_artemis] Successfully decoded the config file
2021-05-05 04:26:01,695 INFO  [consensus] DP[Start]: SystemTime { tv_sec: 1620188758, tv_nsec: 382759067 }
2021-05-05 04:26:01,695 INFO  [consensus] DP[End]: SystemTime { tv_sec: 1620188761, tv_nsec: 695115859 }
2021-05-05 04:26:01,722 INFO  [consensus] DP[Throughput]: 306730.241879088
2021-05-05 04:26:01,722 INFO  [consensus] DP[Latency]: 104.56349803149607
2021-05-05 04:26:01,722 INFO  [artemis::client::start] Closing tx producer channel: channel closed
2021-05-05 04:26:01,729 WARN  [net::futures_manager::peer] Disconnected from peer
2021-05-05 04:26:01,734 WARN  [net::futures_manager::peer] Disconnected from peer
2021-05-05 04:26:01,730 WARN  [net::futures_manager::peer] Disconnected from peer
DP[Window]: 60000
2021-05-05 04:26:07,554 INFO  [node_artemis] Successfully decoded the config file
2021-05-05 04:26:08,297 INFO  [node_artemis] Successfully decoded the config file
2021-05-05 04:26:08,858 INFO  [node_artemis] Successfully decoded the config file
2021-05-05 04:26:15,556 INFO  [net::futures_manager::protocol] New incoming connection from 10.100.100.104:41686
2021-05-05 04:26:15,555 INFO  [net::futures_manager::protocol] New incoming connection from 10.100.100.104:52650
2021-05-05 04:26:16,300 INFO  [net::futures_manager::protocol] New incoming connection from 10.100.100.237:52564
2021-05-05 04:26:16,304 INFO  [net::futures_manager::protocol] New incoming connection from 10.100.100.237:44060
2021-05-05 04:26:16,860 INFO  [net::futures_manager::protocol] Connected to all nodes in the protocol
2021-05-05 04:26:16,861 INFO  [node_artemis] Using special artemis client: true
2021-05-05 04:26:16,861 INFO  [artemis::node::context] Using last f leaders: {0: ()}
2021-05-05 04:26:16,861 INFO  [artemis::node::context] Using eligible leaders: [1, 2]
2021-05-05 04:26:16,860 INFO  [net::futures_manager::protocol] New incoming connection from 10.100.100.202:39582
2021-05-05 04:26:16,860 INFO  [net::futures_manager::protocol] Connected to all nodes in the protocol
2021-05-05 04:26:16,860 INFO  [node_artemis] Using special artemis client: true
2021-05-05 04:26:16,860 INFO  [artemis::node::context] Using last f leaders: {0: ()}
2021-05-05 04:26:16,860 INFO  [artemis::node::context] Using eligible leaders: [1, 2]
2021-05-05 04:26:16,865 INFO  [net::futures_manager::protocol] New incoming connection from 10.100.100.202:35784
2021-05-05 04:26:16,865 INFO  [net::futures_manager::protocol] Connected to all nodes in the protocol
2021-05-05 04:26:16,865 INFO  [node_artemis] Using special artemis client: true
2021-05-05 04:26:16,865 INFO  [artemis::node::context] Using last f leaders: {0: ()}
2021-05-05 04:26:16,865 INFO  [artemis::node::context] Using eligible leaders: [1, 2]
Using M: 1000000
2021-05-05 04:26:28,670 INFO  [client_artemis] Successfully decoded the config file
2021-05-05 04:26:31,846 INFO  [consensus] DP[Start]: SystemTime { tv_sec: 1620188788, tv_nsec: 674016922 }
2021-05-05 04:26:31,846 INFO  [consensus] DP[End]: SystemTime { tv_sec: 1620188791, tv_nsec: 846733577 }
2021-05-05 04:26:31,879 INFO  [consensus] DP[Throughput]: 317708.7996217551
2021-05-05 04:26:31,879 INFO  [consensus] DP[Latency]: 149.7067986111111
2021-05-05 04:26:31,879 INFO  [artemis::client::start] Closing tx producer channel: channel closed
2021-05-05 04:26:31,886 WARN  [net::futures_manager::peer] Disconnected from peer
2021-05-05 04:26:31,886 WARN  [net::futures_manager::peer] Disconnected from peer
2021-05-05 04:26:31,891 WARN  [net::futures_manager::peer] Disconnected from peer
DP[Window]: 80000
2021-05-05 04:26:37,150 INFO  [node_artemis] Successfully decoded the config file
2021-05-05 04:26:37,940 INFO  [node_artemis] Successfully decoded the config file
2021-05-05 04:26:38,323 INFO  [node_artemis] Successfully decoded the config file
2021-05-05 04:26:45,150 INFO  [net::futures_manager::protocol] New incoming connection from 10.100.100.104:52652
2021-05-05 04:26:45,151 INFO  [net::futures_manager::protocol] New incoming connection from 10.100.100.104:41688
2021-05-05 04:26:45,948 INFO  [net::futures_manager::protocol] New incoming connection from 10.100.100.237:44062
2021-05-05 04:26:45,944 INFO  [net::futures_manager::protocol] New incoming connection from 10.100.100.237:52566
2021-05-05 04:26:46,325 INFO  [net::futures_manager::protocol] New incoming connection from 10.100.100.202:39584
2021-05-05 04:26:46,326 INFO  [net::futures_manager::protocol] Connected to all nodes in the protocol
2021-05-05 04:26:46,326 INFO  [node_artemis] Using special artemis client: true
2021-05-05 04:26:46,326 INFO  [artemis::node::context] Using last f leaders: {0: ()}
2021-05-05 04:26:46,326 INFO  [artemis::node::context] Using eligible leaders: [1, 2]
2021-05-05 04:26:46,326 INFO  [net::futures_manager::protocol] Connected to all nodes in the protocol
2021-05-05 04:26:46,326 INFO  [node_artemis] Using special artemis client: true
2021-05-05 04:26:46,326 INFO  [artemis::node::context] Using last f leaders: {0: ()}
2021-05-05 04:26:46,326 INFO  [artemis::node::context] Using eligible leaders: [1, 2]
2021-05-05 04:26:46,331 INFO  [net::futures_manager::protocol] New incoming connection from 10.100.100.202:35788
2021-05-05 04:26:46,331 INFO  [net::futures_manager::protocol] Connected to all nodes in the protocol
2021-05-05 04:26:46,331 INFO  [node_artemis] Using special artemis client: true
2021-05-05 04:26:46,331 INFO  [artemis::node::context] Using last f leaders: {0: ()}
2021-05-05 04:26:46,331 INFO  [artemis::node::context] Using eligible leaders: [1, 2]
Using M: 1000000
2021-05-05 04:26:58,326 INFO  [client_artemis] Successfully decoded the config file
2021-05-05 04:27:01,382 INFO  [consensus] DP[Start]: SystemTime { tv_sec: 1620188818, tv_nsec: 330312049 }
2021-05-05 04:27:01,382 INFO  [consensus] DP[End]: SystemTime { tv_sec: 1620188821, tv_nsec: 382521243 }
2021-05-05 04:27:01,409 INFO  [consensus] DP[Throughput]: 333659.96079232043
2021-05-05 04:27:01,409 INFO  [consensus] DP[Latency]: 204.52693146111548
2021-05-05 04:27:01,409 INFO  [artemis::client::start] Closing tx producer channel: channel closed
2021-05-05 04:27:01,416 WARN  [net::futures_manager::peer] Disconnected from peer
2021-05-05 04:27:01,422 WARN  [net::futures_manager::peer] Disconnected from peer
2021-05-05 04:27:01,416 WARN  [net::futures_manager::peer] Disconnected from peer
DP[Window]: 100000
2021-05-05 04:27:08,758 INFO  [node_artemis] Successfully decoded the config file
2021-05-05 04:27:09,174 INFO  [node_artemis] Successfully decoded the config file
2021-05-05 04:27:09,555 INFO  [node_artemis] Successfully decoded the config file
2021-05-05 04:27:16,758 INFO  [net::futures_manager::protocol] New incoming connection from 10.100.100.104:52654
2021-05-05 04:27:16,758 INFO  [net::futures_manager::protocol] New incoming connection from 10.100.100.104:41690
2021-05-05 04:27:17,182 INFO  [net::futures_manager::protocol] New incoming connection from 10.100.100.237:44064
2021-05-05 04:27:17,177 INFO  [net::futures_manager::protocol] New incoming connection from 10.100.100.237:52568
2021-05-05 04:27:17,558 INFO  [net::futures_manager::protocol] New incoming connection from 10.100.100.202:39586
2021-05-05 04:27:17,558 INFO  [net::futures_manager::protocol] Connected to all nodes in the protocol
2021-05-05 04:27:17,559 INFO  [node_artemis] Using special artemis client: true
2021-05-05 04:27:17,559 INFO  [artemis::node::context] Using last f leaders: {0: ()}
2021-05-05 04:27:17,559 INFO  [artemis::node::context] Using eligible leaders: [1, 2]
2021-05-05 04:27:17,564 INFO  [net::futures_manager::protocol] New incoming connection from 10.100.100.202:35790
2021-05-05 04:27:17,564 INFO  [net::futures_manager::protocol] Connected to all nodes in the protocol
2021-05-05 04:27:17,564 INFO  [node_artemis] Using special artemis client: true
2021-05-05 04:27:17,564 INFO  [artemis::node::context] Using last f leaders: {0: ()}
2021-05-05 04:27:17,564 INFO  [artemis::node::context] Using eligible leaders: [1, 2]
2021-05-05 04:27:17,558 INFO  [net::futures_manager::protocol] Connected to all nodes in the protocol
2021-05-05 04:27:17,558 INFO  [node_artemis] Using special artemis client: true
2021-05-05 04:27:17,559 INFO  [artemis::node::context] Using last f leaders: {0: ()}
2021-05-05 04:27:17,559 INFO  [artemis::node::context] Using eligible leaders: [1, 2]
Using M: 1000000
2021-05-05 04:27:29,694 INFO  [client_artemis] Successfully decoded the config file
2021-05-05 04:27:33,199 INFO  [consensus] DP[Start]: SystemTime { tv_sec: 1620188849, tv_nsec: 699036523 }
2021-05-05 04:27:33,199 INFO  [consensus] DP[End]: SystemTime { tv_sec: 1620188853, tv_nsec: 199367300 }
2021-05-05 04:27:33,230 INFO  [consensus] DP[Throughput]: 288429.8840080736
2021-05-05 04:27:33,231 INFO  [consensus] DP[Latency]: 293.5537985340729
2021-05-05 04:27:33,231 INFO  [artemis::client::start] Closing tx producer channel: channel closed
2021-05-05 04:27:33,238 WARN  [net::futures_manager::peer] Disconnected from peer
2021-05-05 04:27:33,243 WARN  [net::futures_manager::peer] Disconnected from peer
2021-05-05 04:27:33,237 WARN  [net::futures_manager::peer] Disconnected from peer
DP[Window]: 120000
2021-05-05 04:27:38,549 INFO  [node_artemis] Successfully decoded the config file
2021-05-05 04:27:38,980 INFO  [node_artemis] Successfully decoded the config file
2021-05-05 04:27:39,611 INFO  [node_artemis] Successfully decoded the config file
2021-05-05 04:27:46,550 INFO  [net::futures_manager::protocol] New incoming connection from 10.100.100.104:52656
2021-05-05 04:27:46,549 INFO  [net::futures_manager::protocol] New incoming connection from 10.100.100.104:41692
2021-05-05 04:27:46,988 INFO  [net::futures_manager::protocol] New incoming connection from 10.100.100.237:44066
2021-05-05 04:27:46,982 INFO  [net::futures_manager::protocol] New incoming connection from 10.100.100.237:52570
2021-05-05 04:27:47,615 INFO  [net::futures_manager::protocol] New incoming connection from 10.100.100.202:39588
2021-05-05 04:27:47,615 INFO  [net::futures_manager::protocol] Connected to all nodes in the protocol
2021-05-05 04:27:47,615 INFO  [node_artemis] Using special artemis client: true
2021-05-05 04:27:47,615 INFO  [artemis::node::context] Using last f leaders: {0: ()}
2021-05-05 04:27:47,615 INFO  [artemis::node::context] Using eligible leaders: [1, 2]
2021-05-05 04:27:47,614 INFO  [net::futures_manager::protocol] Connected to all nodes in the protocol
2021-05-05 04:27:47,614 INFO  [node_artemis] Using special artemis client: true
2021-05-05 04:27:47,620 INFO  [net::futures_manager::protocol] New incoming connection from 10.100.100.202:35792
2021-05-05 04:27:47,620 INFO  [net::futures_manager::protocol] Connected to all nodes in the protocol
2021-05-05 04:27:47,620 INFO  [node_artemis] Using special artemis client: true
2021-05-05 04:27:47,620 INFO  [artemis::node::context] Using last f leaders: {0: ()}
2021-05-05 04:27:47,620 INFO  [artemis::node::context] Using eligible leaders: [1, 2]
2021-05-05 04:27:47,614 INFO  [artemis::node::context] Using last f leaders: {0: ()}
2021-05-05 04:27:47,614 INFO  [artemis::node::context] Using eligible leaders: [1, 2]
Using M: 1000000
2021-05-05 04:27:59,561 INFO  [client_artemis] Successfully decoded the config file
2021-05-05 04:28:02,794 INFO  [consensus] DP[Start]: SystemTime { tv_sec: 1620188879, tv_nsec: 565723556 }
2021-05-05 04:28:02,794 INFO  [consensus] DP[End]: SystemTime { tv_sec: 1620188882, tv_nsec: 794488387 }
2021-05-05 04:28:02,820 INFO  [consensus] DP[Throughput]: 312193.6879149561
2021-05-05 04:28:02,820 INFO  [consensus] DP[Latency]: 328.5183283730159
2021-05-05 04:28:02,820 INFO  [artemis::client::start] Closing tx producer channel: channel closed
2021-05-05 04:28:02,827 WARN  [net::futures_manager::peer] Disconnected from peer
2021-05-05 04:28:02,826 WARN  [net::futures_manager::peer] Disconnected from peer
2021-05-05 04:28:02,832 WARN  [net::futures_manager::peer] Disconnected from peer
