DP[Window]: 800
2021-05-07 10:46:55,932 INFO  [node_artemis] Successfully decoded the config file
2021-05-07 10:46:56,362 INFO  [node_artemis] Successfully decoded the config file
2021-05-07 10:46:56,904 INFO  [node_artemis] Successfully decoded the config file
2021-05-07 10:47:03,960 INFO  [net::futures_manager::protocol] New incoming connection from 10.100.100.86:38568
2021-05-07 10:47:03,932 INFO  [net::futures_manager::protocol] New incoming connection from 10.100.100.86:39398
2021-05-07 10:47:04,341 INFO  [net::futures_manager::protocol] New incoming connection from 10.100.100.160:38480
2021-05-07 10:47:04,336 INFO  [net::futures_manager::protocol] New incoming connection from 10.100.100.160:50772
2021-05-07 10:47:04,936 INFO  [net::futures_manager::protocol] New incoming connection from 10.100.100.236:46048
2021-05-07 10:47:04,936 INFO  [net::futures_manager::protocol] Connected to all nodes in the protocol
2021-05-07 10:47:04,936 INFO  [node_artemis] Using special artemis client: true
2021-05-07 10:47:04,936 INFO  [artemis::node::context] Using last f leaders: {0: ()}
2021-05-07 10:47:04,936 INFO  [artemis::node::context] Using eligible leaders: [1, 2]
2021-05-07 10:47:04,913 INFO  [net::futures_manager::protocol] New incoming connection from 10.100.100.236:60512
2021-05-07 10:47:04,913 INFO  [net::futures_manager::protocol] Connected to all nodes in the protocol
2021-05-07 10:47:04,913 INFO  [node_artemis] Using special artemis client: true
2021-05-07 10:47:04,913 INFO  [artemis::node::context] Using last f leaders: {0: ()}
2021-05-07 10:47:04,913 INFO  [artemis::node::context] Using eligible leaders: [1, 2]
2021-05-07 10:47:04,907 INFO  [net::futures_manager::protocol] Connected to all nodes in the protocol
2021-05-07 10:47:04,907 INFO  [node_artemis] Using special artemis client: true
2021-05-07 10:47:04,907 INFO  [artemis::node::context] Using last f leaders: {0: ()}
2021-05-07 10:47:04,907 INFO  [artemis::node::context] Using eligible leaders: [1, 2]
Using M: 1000000
2021-05-07 10:47:26,866 INFO  [client_artemis] Successfully decoded the config file
2021-05-07 10:47:36,787 INFO  [consensus] DP[Start]: SystemTime { tv_sec: 1620384446, tv_nsec: 870580532 }
2021-05-07 10:47:36,787 INFO  [consensus] DP[End]: SystemTime { tv_sec: 1620384456, tv_nsec: 787417202 }
2021-05-07 10:47:36,846 WARN  [net::futures_manager::peer] Disconnected from peer
2021-05-07 10:47:36,817 INFO  [consensus] DP[Throughput]: 100878.94288169213
2021-05-07 10:47:36,817 INFO  [consensus] DP[Latency]: 10.698572570971612
2021-05-07 10:47:36,817 INFO  [artemis::client::start] Closing tx producer channel: channel closed
2021-05-07 10:47:36,823 WARN  [net::futures_manager::peer] Disconnected from peer
2021-05-07 10:47:36,817 WARN  [net::futures_manager::peer] Disconnected from peer
DP[Window]: 7000
2021-05-07 10:47:41,312 INFO  [node_artemis] Successfully decoded the config file
2021-05-07 10:47:41,929 INFO  [node_artemis] Successfully decoded the config file
2021-05-07 10:47:42,344 INFO  [node_artemis] Successfully decoded the config file
2021-05-07 10:47:49,312 INFO  [net::futures_manager::protocol] New incoming connection from 10.100.100.86:39402
2021-05-07 10:47:49,341 INFO  [net::futures_manager::protocol] New incoming connection from 10.100.100.86:38570
2021-05-07 10:47:49,909 INFO  [net::futures_manager::protocol] New incoming connection from 10.100.100.160:38482
2021-05-07 10:47:49,903 INFO  [net::futures_manager::protocol] New incoming connection from 10.100.100.160:50774
2021-05-07 10:47:50,353 INFO  [net::futures_manager::protocol] New incoming connection from 10.100.100.236:60514
2021-05-07 10:47:50,353 INFO  [net::futures_manager::protocol] Connected to all nodes in the protocol
2021-05-07 10:47:50,353 INFO  [node_artemis] Using special artemis client: true
2021-05-07 10:47:50,353 INFO  [artemis::node::context] Using last f leaders: {0: ()}
2021-05-07 10:47:50,353 INFO  [artemis::node::context] Using eligible leaders: [1, 2]
2021-05-07 10:47:50,347 INFO  [net::futures_manager::protocol] Connected to all nodes in the protocol
2021-05-07 10:47:50,347 INFO  [node_artemis] Using special artemis client: true
2021-05-07 10:47:50,347 INFO  [artemis::node::context] Using last f leaders: {0: ()}
2021-05-07 10:47:50,347 INFO  [artemis::node::context] Using eligible leaders: [1, 2]
2021-05-07 10:47:50,376 INFO  [net::futures_manager::protocol] New incoming connection from 10.100.100.236:46050
2021-05-07 10:47:50,376 INFO  [net::futures_manager::protocol] Connected to all nodes in the protocol
2021-05-07 10:47:50,376 INFO  [node_artemis] Using special artemis client: true
2021-05-07 10:47:50,376 INFO  [artemis::node::context] Using last f leaders: {0: ()}
2021-05-07 10:47:50,376 INFO  [artemis::node::context] Using eligible leaders: [1, 2]
Using M: 1000000
2021-05-07 10:48:12,457 INFO  [client_artemis] Successfully decoded the config file
2021-05-07 10:48:21,877 INFO  [consensus] DP[Start]: SystemTime { tv_sec: 1620384492, tv_nsec: 461431721 }
2021-05-07 10:48:21,877 INFO  [consensus] DP[End]: SystemTime { tv_sec: 1620384501, tv_nsec: 877664342 }
2021-05-07 10:48:21,903 INFO  [consensus] DP[Throughput]: 106581.90386692231
2021-05-07 10:48:21,903 INFO  [consensus] DP[Latency]: 62.918940813072936
2021-05-07 10:48:21,903 INFO  [artemis::client::start] Closing tx producer channel: channel closed
2021-05-07 10:48:21,912 WARN  [net::futures_manager::peer] Disconnected from peer
2021-05-07 10:48:21,906 WARN  [net::futures_manager::peer] Disconnected from peer
2021-05-07 10:48:21,935 WARN  [net::futures_manager::peer] Disconnected from peer
